[debug] [2024-07-03T11:50:50.601Z] ----------------------------------------------------------------------
[debug] [2024-07-03T11:50:50.604Z] Command:       C:\Program Files\nodejs\node.exe C:\Users\aryan\AppData\Roaming\npm\node_modules\firebase-tools\lib\bin\firebase.js init
[debug] [2024-07-03T11:50:50.605Z] CLI Version:   13.13.0
[debug] [2024-07-03T11:50:50.605Z] Platform:      win32
[debug] [2024-07-03T11:50:50.605Z] Node Version:  v20.14.0
[debug] [2024-07-03T11:50:50.605Z] Time:          Wed Jul 03 2024 17:20:50 GMT+0530 (India Standard Time)
[debug] [2024-07-03T11:50:50.606Z] ----------------------------------------------------------------------
[debug] 
[debug] [2024-07-03T11:50:50.616Z] > command requires scopes: ["email","openid","https://www.googleapis.com/auth/cloudplatformprojects.readonly","https://www.googleapis.com/auth/firebase","https://www.googleapis.com/auth/cloud-platform"]
[debug] [2024-07-03T11:50:50.617Z] > authorizing via signed-in user (velocityxa21@gmail.com)
[info] 
     ######## #### ########  ######## ########     ###     ######  ########
     ##        ##  ##     ## ##       ##     ##  ##   ##  ##       ##
     ######    ##  ########  ######   ########  #########  ######  ######
     ##        ##  ##    ##  ##       ##     ## ##     ##       ## ##
     ##       #### ##     ## ######## ########  ##     ##  ######  ########

You're about to initialize a Firebase project in this directory:

  C:\Users\aryan\Desktop\Project-web

[info] 
=== Project Setup
[info] 
[info] First, let's associate this project directory with a Firebase project.
[info] You can create multiple project aliases by running firebase use --add, 
[info] but for now we'll just set up a default project.
[info] 
[debug] [2024-07-03T11:50:56.703Z] >>> [apiv2][query] GET https://firebase.googleapis.com/v1beta1/projects pageSize=100
[debug] [2024-07-03T11:50:58.341Z] <<< [apiv2][status] GET https://firebase.googleapis.com/v1beta1/projects 200
[debug] [2024-07-03T11:50:58.341Z] <<< [apiv2][body] GET https://firebase.googleapis.com/v1beta1/projects [omitted]
[info] i  Using project collaborative-code-edito-6feaf (collaborative code editor) 
[info] 
=== Database Setup
[info] i  database: ensuring required API firebasedatabase.googleapis.com is enabled... 
[debug] [2024-07-03T11:50:59.588Z] >>> [apiv2][query] GET https://serviceusage.googleapis.com/v1/projects/collaborative-code-edito-6feaf/services/firebasedatabase.googleapis.com [none]
[debug] [2024-07-03T11:50:59.589Z] >>> [apiv2][(partial)header] GET https://serviceusage.googleapis.com/v1/projects/collaborative-code-edito-6feaf/services/firebasedatabase.googleapis.com x-goog-quota-user=projects/collaborative-code-edito-6feaf
[debug] [2024-07-03T11:51:02.117Z] <<< [apiv2][status] GET https://serviceusage.googleapis.com/v1/projects/collaborative-code-edito-6feaf/services/firebasedatabase.googleapis.com 200
[debug] [2024-07-03T11:51:02.117Z] <<< [apiv2][body] GET https://serviceusage.googleapis.com/v1/projects/collaborative-code-edito-6feaf/services/firebasedatabase.googleapis.com [omitted]
[info] +  database: required API firebasedatabase.googleapis.com is enabled 
[info] 
[debug] [2024-07-03T11:51:02.119Z] >>> [apiv2][query] GET https://firebasedatabase.googleapis.com/v1beta/projects/collaborative-code-edito-6feaf/locations/-/instances/collaborative-code-edito-6feaf-default-rtdb [none]
[debug] [2024-07-03T11:51:04.566Z] <<< [apiv2][status] GET https://firebasedatabase.googleapis.com/v1beta/projects/collaborative-code-edito-6feaf/locations/-/instances/collaborative-code-edito-6feaf-default-rtdb 200
[debug] [2024-07-03T11:51:04.566Z] <<< [apiv2][body] GET https://firebasedatabase.googleapis.com/v1beta/projects/collaborative-code-edito-6feaf/locations/-/instances/collaborative-code-edito-6feaf-default-rtdb {"name":"projects/897451324445/locations/asia-southeast1/instances/collaborative-code-edito-6feaf-default-rtdb","project":"projects/897451324445","databaseUrl":"https://collaborative-code-edito-6feaf-default-rtdb.asia-southeast1.firebasedatabase.app","type":"DEFAULT_DATABASE","state":"ACTIVE"}
[info] 
[info] Firebase Realtime Database Security Rules allow you to define how your data should be
[info] structured and when your data can be read from and written to.
[info] 
[debug] [2024-07-03T11:51:08.228Z] >>> [apiv2][query] GET https://collaborative-code-edito-6feaf-default-rtdb.asia-southeast1.firebasedatabase.app/.settings/rules.json [none]
[debug] [2024-07-03T11:51:09.056Z] <<< [apiv2][status] GET https://collaborative-code-edito-6feaf-default-rtdb.asia-southeast1.firebasedatabase.app/.settings/rules.json 200
[debug] [2024-07-03T11:51:09.057Z] <<< [apiv2][body] GET https://collaborative-code-edito-6feaf-default-rtdb.asia-southeast1.firebasedatabase.app/.settings/rules.json [stream]
[info] +  Database Rules for collaborative-code-edito-6feaf-default-rtdb have been written to database.rules.json. 
[info] Future modifications to database.rules.json will update Realtime Database Security Rules when you run
[info] firebase deploy.
[info] 
=== Firestore Setup
[debug] [2024-07-03T11:51:09.061Z] >>> [apiv2][query] GET https://serviceusage.googleapis.com/v1/projects/collaborative-code-edito-6feaf/services/firestore.googleapis.com [none]
[debug] [2024-07-03T11:51:09.061Z] >>> [apiv2][(partial)header] GET https://serviceusage.googleapis.com/v1/projects/collaborative-code-edito-6feaf/services/firestore.googleapis.com x-goog-quota-user=projects/collaborative-code-edito-6feaf
[debug] [2024-07-03T11:51:11.460Z] <<< [apiv2][status] GET https://serviceusage.googleapis.com/v1/projects/collaborative-code-edito-6feaf/services/firestore.googleapis.com 200
[debug] [2024-07-03T11:51:11.460Z] <<< [apiv2][body] GET https://serviceusage.googleapis.com/v1/projects/collaborative-code-edito-6feaf/services/firestore.googleapis.com [omitted]
[debug] [2024-07-03T11:51:11.461Z] >>> [apiv2][query] GET https://firestore.googleapis.com/v1/projects/collaborative-code-edito-6feaf/databases/(default) [none]
[debug] [2024-07-03T11:51:14.593Z] <<< [apiv2][status] GET https://firestore.googleapis.com/v1/projects/collaborative-code-edito-6feaf/databases/(default) 200
[debug] [2024-07-03T11:51:14.594Z] <<< [apiv2][body] GET https://firestore.googleapis.com/v1/projects/collaborative-code-edito-6feaf/databases/(default) {"name":"projects/collaborative-code-edito-6feaf/databases/(default)","uid":"a738232f-e160-499e-99f3-3b19744713ed","createTime":"2024-07-03T11:50:23.943875Z","updateTime":"2024-07-03T11:50:23.943875Z","locationId":"nam5","type":"FIRESTORE_NATIVE","concurrencyMode":"PESSIMISTIC","versionRetentionPeriod":"3600s","earliestVersionTime":"2024-07-03T11:50:23.943875Z","appEngineIntegrationMode":"DISABLED","keyPrefix":"s","pointInTimeRecoveryEnablement":"POINT_IN_TIME_RECOVERY_DISABLED","deleteProtectionState":"DELETE_PROTECTION_DISABLED","etag":"IJqK4JTniocDMMPJj/zmiocD"}
[debug] [2024-07-03T11:51:14.594Z] database_type: FIRESTORE_NATIVE
[debug] [2024-07-03T11:51:14.594Z] > command requires scopes: ["email","openid","https://www.googleapis.com/auth/cloudplatformprojects.readonly","https://www.googleapis.com/auth/firebase","https://www.googleapis.com/auth/cloud-platform"]
[debug] [2024-07-03T11:51:14.594Z] > authorizing via signed-in user (velocityxa21@gmail.com)
[debug] [2024-07-03T11:51:14.595Z] [iam] checking project collaborative-code-edito-6feaf for permissions ["firebase.projects.get"]
[debug] [2024-07-03T11:51:14.595Z] >>> [apiv2][query] POST https://cloudresourcemanager.googleapis.com/v1/projects/collaborative-code-edito-6feaf:testIamPermissions [none]
[debug] [2024-07-03T11:51:14.595Z] >>> [apiv2][(partial)header] POST https://cloudresourcemanager.googleapis.com/v1/projects/collaborative-code-edito-6feaf:testIamPermissions x-goog-quota-user=projects/collaborative-code-edito-6feaf
[debug] [2024-07-03T11:51:14.595Z] >>> [apiv2][body] POST https://cloudresourcemanager.googleapis.com/v1/projects/collaborative-code-edito-6feaf:testIamPermissions {"permissions":["firebase.projects.get"]}
[debug] [2024-07-03T11:51:16.767Z] <<< [apiv2][status] POST https://cloudresourcemanager.googleapis.com/v1/projects/collaborative-code-edito-6feaf:testIamPermissions 200
[debug] [2024-07-03T11:51:16.767Z] <<< [apiv2][body] POST https://cloudresourcemanager.googleapis.com/v1/projects/collaborative-code-edito-6feaf:testIamPermissions {"permissions":["firebase.projects.get"]}
[info] 
[info] Firestore Security Rules allow you to define how and when to allow
[info] requests. You can keep these rules in your project directory
[info] and publish them with firebase deploy.
[info] 
[debug] [2024-07-03T11:53:07.903Z] >>> [apiv2][query] GET https://firebaserules.googleapis.com/v1/projects/collaborative-code-edito-6feaf/releases pageSize=10&pageToken=
[debug] [2024-07-03T11:53:10.522Z] <<< [apiv2][status] GET https://firebaserules.googleapis.com/v1/projects/collaborative-code-edito-6feaf/releases 200
[debug] [2024-07-03T11:53:10.523Z] <<< [apiv2][body] GET https://firebaserules.googleapis.com/v1/projects/collaborative-code-edito-6feaf/releases {"releases":[{"name":"projects/collaborative-code-edito-6feaf/releases/cloud.firestore","rulesetName":"projects/collaborative-code-edito-6feaf/rulesets/be8ff4b2-d12a-4799-b9d0-cc098ec15eb7","createTime":"2024-07-03T11:50:33.374474Z","updateTime":"2024-07-03T11:50:33.374474Z"}]}
[debug] [2024-07-03T11:53:10.523Z] Found ruleset: projects/collaborative-code-edito-6feaf/rulesets/be8ff4b2-d12a-4799-b9d0-cc098ec15eb7
[debug] [2024-07-03T11:53:10.523Z] >>> [apiv2][query] GET https://firebaserules.googleapis.com/v1/projects/collaborative-code-edito-6feaf/rulesets/be8ff4b2-d12a-4799-b9d0-cc098ec15eb7 [none]
[debug] [2024-07-03T11:53:11.940Z] <<< [apiv2][status] GET https://firebaserules.googleapis.com/v1/projects/collaborative-code-edito-6feaf/rulesets/be8ff4b2-d12a-4799-b9d0-cc098ec15eb7 200
[debug] [2024-07-03T11:53:11.940Z] <<< [apiv2][body] GET https://firebaserules.googleapis.com/v1/projects/collaborative-code-edito-6feaf/rulesets/be8ff4b2-d12a-4799-b9d0-cc098ec15eb7 [omitted]
[info] 
[info] Firestore indexes allow you to perform complex queries while
[info] maintaining performance that scales with the size of the result
[info] set. You can keep index definitions in your project directory
[info] and publish them with firebase deploy.
[info] 
[debug] [2024-07-03T11:53:40.723Z] >>> [apiv2][query] GET https://firestore.googleapis.com/v1/projects/collaborative-code-edito-6feaf/databases/(default)/collectionGroups/-/indexes [none]
[debug] [2024-07-03T11:53:40.725Z] >>> [apiv2][query] GET https://firestore.googleapis.com/v1/projects/collaborative-code-edito-6feaf/databases/(default)/collectionGroups/-/fields?filter=indexConfig.usesAncestorConfig=false OR ttlConfig:* [none]
[debug] [2024-07-03T11:53:43.179Z] <<< [apiv2][status] GET https://firestore.googleapis.com/v1/projects/collaborative-code-edito-6feaf/databases/(default)/collectionGroups/-/indexes 200
[debug] [2024-07-03T11:53:43.179Z] <<< [apiv2][body] GET https://firestore.googleapis.com/v1/projects/collaborative-code-edito-6feaf/databases/(default)/collectionGroups/-/indexes {}
[debug] [2024-07-03T11:53:43.741Z] <<< [apiv2][status] GET https://firestore.googleapis.com/v1/projects/collaborative-code-edito-6feaf/databases/(default)/collectionGroups/-/fields?filter=indexConfig.usesAncestorConfig=false OR ttlConfig:* 200
[debug] [2024-07-03T11:53:43.741Z] <<< [apiv2][body] GET https://firestore.googleapis.com/v1/projects/collaborative-code-edito-6feaf/databases/(default)/collectionGroups/-/fields?filter=indexConfig.usesAncestorConfig=false OR ttlConfig:* {"fields":[{"name":"projects/collaborative-code-edito-6feaf/databases/(default)/collectionGroups/__default__/fields/*","indexConfig":{"indexes":[{"queryScope":"COLLECTION","fields":[{"fieldPath":"*","order":"ASCENDING"}],"state":"READY"},{"queryScope":"COLLECTION","fields":[{"fieldPath":"*","order":"DESCENDING"}],"state":"READY"},{"queryScope":"COLLECTION","fields":[{"fieldPath":"*","arrayConfig":"CONTAINS"}],"state":"READY"}]}}]}
[info] 
=== Functions Setup
[debug] [2024-07-03T11:53:43.744Z] > command requires scopes: ["email","openid","https://www.googleapis.com/auth/cloudplatformprojects.readonly","https://www.googleapis.com/auth/firebase","https://www.googleapis.com/auth/cloud-platform"]
[debug] [2024-07-03T11:53:43.744Z] > authorizing via signed-in user (velocityxa21@gmail.com)
[debug] [2024-07-03T11:53:43.744Z] [iam] checking project collaborative-code-edito-6feaf for permissions ["firebase.projects.get"]
[debug] [2024-07-03T11:53:43.745Z] >>> [apiv2][query] POST https://cloudresourcemanager.googleapis.com/v1/projects/collaborative-code-edito-6feaf:testIamPermissions [none]
[debug] [2024-07-03T11:53:43.745Z] >>> [apiv2][(partial)header] POST https://cloudresourcemanager.googleapis.com/v1/projects/collaborative-code-edito-6feaf:testIamPermissions x-goog-quota-user=projects/collaborative-code-edito-6feaf
[debug] [2024-07-03T11:53:43.745Z] >>> [apiv2][body] POST https://cloudresourcemanager.googleapis.com/v1/projects/collaborative-code-edito-6feaf:testIamPermissions {"permissions":["firebase.projects.get"]}
[debug] [2024-07-03T11:53:45.986Z] <<< [apiv2][status] POST https://cloudresourcemanager.googleapis.com/v1/projects/collaborative-code-edito-6feaf:testIamPermissions 200
[debug] [2024-07-03T11:53:45.986Z] <<< [apiv2][body] POST https://cloudresourcemanager.googleapis.com/v1/projects/collaborative-code-edito-6feaf:testIamPermissions {"permissions":["firebase.projects.get"]}
[debug] [2024-07-03T11:53:45.987Z] >>> [apiv2][query] GET https://serviceusage.googleapis.com/v1/projects/collaborative-code-edito-6feaf/services/cloudfunctions.googleapis.com [none]
[debug] [2024-07-03T11:53:45.987Z] >>> [apiv2][(partial)header] GET https://serviceusage.googleapis.com/v1/projects/collaborative-code-edito-6feaf/services/cloudfunctions.googleapis.com x-goog-quota-user=projects/collaborative-code-edito-6feaf
[debug] [2024-07-03T11:53:45.989Z] >>> [apiv2][query] GET https://serviceusage.googleapis.com/v1/projects/collaborative-code-edito-6feaf/services/runtimeconfig.googleapis.com [none]
[debug] [2024-07-03T11:53:45.989Z] >>> [apiv2][(partial)header] GET https://serviceusage.googleapis.com/v1/projects/collaborative-code-edito-6feaf/services/runtimeconfig.googleapis.com x-goog-quota-user=projects/collaborative-code-edito-6feaf
[debug] [2024-07-03T11:53:48.616Z] <<< [apiv2][status] GET https://serviceusage.googleapis.com/v1/projects/collaborative-code-edito-6feaf/services/runtimeconfig.googleapis.com 200
[debug] [2024-07-03T11:53:48.616Z] <<< [apiv2][body] GET https://serviceusage.googleapis.com/v1/projects/collaborative-code-edito-6feaf/services/runtimeconfig.googleapis.com [omitted]
[debug] [2024-07-03T11:53:48.705Z] <<< [apiv2][status] GET https://serviceusage.googleapis.com/v1/projects/collaborative-code-edito-6feaf/services/cloudfunctions.googleapis.com 200
[debug] [2024-07-03T11:53:48.705Z] <<< [apiv2][body] GET https://serviceusage.googleapis.com/v1/projects/collaborative-code-edito-6feaf/services/cloudfunctions.googleapis.com [omitted]
[debug] [2024-07-03T11:53:48.706Z] >>> [apiv2][query] POST https://serviceusage.googleapis.com/v1/projects/collaborative-code-edito-6feaf/services/cloudfunctions.googleapis.com:enable [none]
[debug] [2024-07-03T11:53:48.706Z] >>> [apiv2][(partial)header] POST https://serviceusage.googleapis.com/v1/projects/collaborative-code-edito-6feaf/services/cloudfunctions.googleapis.com:enable x-goog-quota-user=projects/collaborative-code-edito-6feaf
[debug] [2024-07-03T11:53:49.680Z] <<< [apiv2][status] POST https://serviceusage.googleapis.com/v1/projects/collaborative-code-edito-6feaf/services/cloudfunctions.googleapis.com:enable 200
[debug] [2024-07-03T11:53:49.680Z] <<< [apiv2][body] POST https://serviceusage.googleapis.com/v1/projects/collaborative-code-edito-6feaf/services/cloudfunctions.googleapis.com:enable [omitted]
[debug] [2024-07-03T11:53:59.691Z] >>> [apiv2][query] GET https://serviceusage.googleapis.com/v1/projects/collaborative-code-edito-6feaf/services/cloudfunctions.googleapis.com [none]
[debug] [2024-07-03T11:53:59.691Z] >>> [apiv2][(partial)header] GET https://serviceusage.googleapis.com/v1/projects/collaborative-code-edito-6feaf/services/cloudfunctions.googleapis.com x-goog-quota-user=projects/collaborative-code-edito-6feaf
[debug] [2024-07-03T11:54:02.145Z] <<< [apiv2][status] GET https://serviceusage.googleapis.com/v1/projects/collaborative-code-edito-6feaf/services/cloudfunctions.googleapis.com 200
[debug] [2024-07-03T11:54:02.145Z] <<< [apiv2][body] GET https://serviceusage.googleapis.com/v1/projects/collaborative-code-edito-6feaf/services/cloudfunctions.googleapis.com [omitted]
[info] Let's create a new codebase for your functions.
[info] A directory corresponding to the codebase will be created in your project
[info] with sample code pre-configured.

[info] See https://firebase.google.com/docs/functions/organize-functions for
[info] more information on organizing your functions using codebases.

[info] Functions can be deployed with firebase deploy.

[info] +  Wrote functions/package.json 
[info] +  Wrote functions/.eslintrc.js 
[info] +  Wrote functions/index.js 
[info] +  Wrote functions/.gitignore 
[info] 
=== Hosting Setup
[debug] [2024-07-03T11:55:19.042Z] >>> [apiv2][query] GET https://firebase.googleapis.com/v1beta1/projects/collaborative-code-edito-6feaf [none]
[debug] [2024-07-03T11:55:19.870Z] <<< [apiv2][status] GET https://firebase.googleapis.com/v1beta1/projects/collaborative-code-edito-6feaf 200
[debug] [2024-07-03T11:55:19.870Z] <<< [apiv2][body] GET https://firebase.googleapis.com/v1beta1/projects/collaborative-code-edito-6feaf {"projectId":"collaborative-code-edito-6feaf","projectNumber":"897451324445","displayName":"collaborative code editor","name":"projects/collaborative-code-edito-6feaf","resources":{"hostingSite":"collaborative-code-edito-6feaf","realtimeDatabaseInstance":"collaborative-code-edito-6feaf-default-rtdb"},"state":"ACTIVE","etag":"1_d0e7651d-431a-4008-9c58-3a5baff76b67"}
[info] 
[info] Your public directory is the folder (relative to your project directory) that
[info] will contain Hosting assets to be uploaded with firebase deploy. If you
[info] have a build process for your assets, use your build's output directory.
[info] 
[debug] [2024-07-03T11:56:07.783Z] >>> [apiv2][query] GET https://www.gstatic.com/firebasejs/releases.json [none]
[debug] [2024-07-03T11:56:08.320Z] <<< [apiv2][status] GET https://www.gstatic.com/firebasejs/releases.json 200
[debug] [2024-07-03T11:56:08.320Z] <<< [apiv2][body] GET https://www.gstatic.com/firebasejs/releases.json {"current":{"version":"10.12.2","browserURL":"https://www.gstatic.com/firebasejs/10.12.2/firebase.js","packageURL":"https://www.gstatic.com/firebasejs/10.12.2/firebase.tgz"},"live":{"version":"10.12","browserURL":"https://www.gstatic.com/firebasejs/live/10.12/firebase.js","packageURL":"https://www.gstatic.com/firebasejs/live/10.12/firebase.tgz"},"components":{"analytics":"https://www.gstatic.com/firebasejs/10.12.2/firebase-analytics.js","app":"https://www.gstatic.com/firebasejs/10.12.2/firebase-app.js","app-check":"https://www.gstatic.com/firebasejs/10.12.2/firebase-app-check.js","auth":"https://www.gstatic.com/firebasejs/10.12.2/firebase-auth.js","auth/cordova":"https://www.gstatic.com/firebasejs/10.12.2/firebase-auth/cordova.js","auth/web-extension":"https://www.gstatic.com/firebasejs/10.12.2/firebase-auth/web-extension.js","functions":"https://www.gstatic.com/firebasejs/10.12.2/firebase-functions.js","firestore":"https://www.gstatic.com/firebasejs/10.12.2/firebase-firestore.js","firestore/lite":"https://www.gstatic.com/firebasejs/10.12.2/firebase-firestore/lite.js","installations":"https://www.gstatic.com/firebasejs/10.12.2/firebase-installations.js","storage":"https://www.gstatic.com/firebasejs/10.12.2/firebase-storage.js","performance":"https://www.gstatic.com/firebasejs/10.12.2/firebase-performance.js","remote-config":"https://www.gstatic.com/firebasejs/10.12.2/firebase-remote-config.js","messaging":"https://www.gstatic.com/firebasejs/10.12.2/firebase-messaging.js","messaging/sw":"https://www.gstatic.com/firebasejs/10.12.2/firebase-messaging/sw.js","database":"https://www.gstatic.com/firebasejs/10.12.2/firebase-database.js","vertexai-preview":"https://www.gstatic.com/firebasejs/10.12.2/firebase-vertexai-preview.js","firestore.memory":"https://www.gstatic.com/firebasejs/10.12.2/firebase-firestore.memory.js"}}
[info] +  Wrote public/index.html 
[info] 
[info] i  Didn't detect a .git folder. Assuming C:\Users\aryan\Desktop\Project-web is the project root. 
[info] i  Authorizing with GitHub to upload your service account to a GitHub repository's secrets store. 
[info] 
[info] Visit this URL on this device to log in:
[info] https://github.com/login/oauth/authorize?client_id=89cf50f02ac6aaed3484&state=377108187&redirect_uri=http%3A%2F%2Flocalhost%3A9005&scope=read%3Auser%20repo%20public_repo
[info] 
[info] Waiting for authentication...
[debug] [2024-07-03T11:56:26.355Z] >>> [apiv2][query] POST https://github.com/login/oauth/access_token [none]
[debug] [2024-07-03T11:56:26.355Z] >>> [apiv2][body] POST https://github.com/login/oauth/access_token [stream]
[debug] [2024-07-03T11:56:27.383Z] <<< [apiv2][status] POST https://github.com/login/oauth/access_token 200
[debug] [2024-07-03T11:56:27.383Z] <<< [apiv2][body] POST https://github.com/login/oauth/access_token {"access_token":"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","token_type":"bearer","scope":"read:user,repo"}
[debug] [2024-07-03T11:56:27.390Z] >>> [apiv2][query] GET https://api.github.com/user [none]
[debug] [2024-07-03T11:56:29.171Z] <<< [apiv2][status] GET https://api.github.com/user 200
[debug] [2024-07-03T11:56:29.171Z] <<< [apiv2][body] GET https://api.github.com/user {"login":"Aryankash21","id":126667227,"node_id":"U_kgDOB4zJ2w","avatar_url":"https://avatars.githubusercontent.com/u/126667227?v=4","gravatar_id":"","url":"https://api.github.com/users/Aryankash21","html_url":"https://github.com/Aryankash21","followers_url":"https://api.github.com/users/Aryankash21/followers","following_url":"https://api.github.com/users/Aryankash21/following{/other_user}","gists_url":"https://api.github.com/users/Aryankash21/gists{/gist_id}","starred_url":"https://api.github.com/users/Aryankash21/starred{/owner}{/repo}","subscriptions_url":"https://api.github.com/users/Aryankash21/subscriptions","organizations_url":"https://api.github.com/users/Aryankash21/orgs","repos_url":"https://api.github.com/users/Aryankash21/repos","events_url":"https://api.github.com/users/Aryankash21/events{/privacy}","received_events_url":"https://api.github.com/users/Aryankash21/received_events","type":"User","site_admin":false,"name":null,"company":null,"blog":"","location":null,"email":null,"hireable":null,"bio":null,"twitter_username":null,"public_repos":0,"public_gists":0,"followers":0,"following":0,"created_at":"2023-03-01T10:11:28Z","updated_at":"2023-03-01T10:11:28Z","private_gists":0,"total_private_repos":0,"owned_private_repos":0,"disk_usage":0,"collaborators":0,"two_factor_authentication":false,"plan":{"name":"free","space":976562499,"collaborators":0,"private_repos":10000}}
[info] 
[info] +  Success! Logged into GitHub as Aryankash21 
[info] 
[debug] [2024-07-03T11:56:37.765Z] >>> [apiv2][query] GET https://api.github.com/repos//actions/secrets/public-key type=owner
[debug] [2024-07-03T11:56:38.704Z] <<< [apiv2][status] GET https://api.github.com/repos//actions/secrets/public-key 404
[debug] [2024-07-03T11:56:38.705Z] <<< [apiv2][body] GET https://api.github.com/repos//actions/secrets/public-key {"message":"Not Found","documentation_url":"https://docs.github.com/rest","status":"404"}
[info] 
[info] 
[error] !  The provided authorization cannot be used with this repository. If this repository is in an organization, did you remember to grant access? 
[info] 
[info] i  Action required: Visit this URL to ensure access has been granted to the appropriate organization(s) for the Firebase CLI GitHub OAuth App: 
[info] https://github.com/settings/connections/applications/89cf50f02ac6aaed3484
[info] 
[debug] [2024-07-03T11:58:03.226Z] >>> [apiv2][query] GET https://api.github.com/repos/Aryankash21/project-web/actions/secrets/public-key type=owner
[debug] [2024-07-03T11:58:05.232Z] <<< [apiv2][status] GET https://api.github.com/repos/Aryankash21/project-web/actions/secrets/public-key 404
[debug] [2024-07-03T11:58:05.232Z] <<< [apiv2][body] GET https://api.github.com/repos/Aryankash21/project-web/actions/secrets/public-key {"message":"Not Found","documentation_url":"https://docs.github.com/rest/actions/secrets#get-a-repository-public-key","status":"404"}
[info] 
[info] 
[error] !  The provided authorization cannot be used with this repository. If this repository is in an organization, did you remember to grant access? 
[info] 
[info] i  Action required: Visit this URL to ensure access has been granted to the appropriate organization(s) for the Firebase CLI GitHub OAuth App: 
[info] https://github.com/settings/connections/applications/89cf50f02ac6aaed3484
[info] 
[debug] [2024-07-03T11:58:16.632Z] >>> [apiv2][query] GET https://api.github.com/repos/Aryankash21/project-web/actions/secrets/public-key type=owner
[debug] [2024-07-03T11:58:18.382Z] <<< [apiv2][status] GET https://api.github.com/repos/Aryankash21/project-web/actions/secrets/public-key 404
[debug] [2024-07-03T11:58:18.382Z] <<< [apiv2][body] GET https://api.github.com/repos/Aryankash21/project-web/actions/secrets/public-key {"message":"Not Found","documentation_url":"https://docs.github.com/rest/actions/secrets#get-a-repository-public-key","status":"404"}
[info] 
[info] 
[error] !  The provided authorization cannot be used with this repository. If this repository is in an organization, did you remember to grant access? 
[info] 
[info] i  Action required: Visit this URL to ensure access has been granted to the appropriate organization(s) for the Firebase CLI GitHub OAuth App: 
[info] https://github.com/settings/connections/applications/89cf50f02ac6aaed3484
[info] 
[debug] [2024-07-03T11:58:27.459Z] >>> [apiv2][query] GET https://api.github.com/repos/Aryankash21/project-web/actions/secrets/public-key type=owner
[debug] [2024-07-03T11:58:28.291Z] <<< [apiv2][status] GET https://api.github.com/repos/Aryankash21/project-web/actions/secrets/public-key 404
[debug] [2024-07-03T11:58:28.291Z] <<< [apiv2][body] GET https://api.github.com/repos/Aryankash21/project-web/actions/secrets/public-key {"message":"Not Found","documentation_url":"https://docs.github.com/rest/actions/secrets#get-a-repository-public-key","status":"404"}
[info] 
[info] 
[error] !  The provided authorization cannot be used with this repository. If this repository is in an organization, did you remember to grant access? 
[info] 
[info] i  Action required: Visit this URL to ensure access has been granted to the appropriate organization(s) for the Firebase CLI GitHub OAuth App: 
[info] https://github.com/settings/connections/applications/89cf50f02ac6aaed3484
[info] 
